Started by an SCM change
Obtained pipelines/PIPELINE-FULL-CD/Jenkinsfile from git git@github.com:silviaalejandra/todo-list-aws.git
[Pipeline] Start of Pipeline (hide)
[Pipeline] node
Running on Jenkins in /var/lib/jenkins/workspace/PIPELINE-FULL-CD
[Pipeline] {
[Pipeline] stage
[Pipeline] { (Declarative: Checkout SCM)
[Pipeline] checkout
Selected Git installation does not exist. Using Default
The recommended git tool is: NONE
using credential github
Cloning the remote Git repository
Cloning repository git@github.com:silviaalejandra/todo-list-aws.git
 > git init /var/lib/jenkins/workspace/PIPELINE-FULL-CD # timeout=10
Fetching upstream changes from git@github.com:silviaalejandra/todo-list-aws.git
 > git --version # timeout=10
 > git --version # 'git version 2.17.1'
using GIT_SSH to set credentials github
 > git fetch --tags --progress -- git@github.com:silviaalejandra/todo-list-aws.git +refs/heads/*:refs/remotes/origin/* # timeout=10
 > git config remote.origin.url git@github.com:silviaalejandra/todo-list-aws.git # timeout=10
 > git config --add remote.origin.fetch +refs/heads/*:refs/remotes/origin/* # timeout=10
Avoid second fetch
 > git rev-parse origin/develop^{commit} # timeout=10
Checking out Revision 8b174a63e464c2a4edb32840ada8bed6c88d6a40 (origin/develop)
 > git config core.sparsecheckout # timeout=10
 > git checkout -f 8b174a63e464c2a4edb32840ada8bed6c88d6a40 # timeout=10
Commit message: "Merge pull request #6 from silviaalejandra/feature"
First time build. Skipping changelog.
[Pipeline] }
[Pipeline] // stage
[Pipeline] withEnv
[Pipeline] {
[Pipeline] stage
[Pipeline] { (Staging)
[Pipeline] echo
Starting staging job
[Pipeline] build (Building pipeline_deploy_parameter » develop)
Scheduling project: pipeline_deploy_parameter » develop
Starting building: pipeline_deploy_parameter » develop #9
[Pipeline] }
[Pipeline] // stage
[Pipeline] stage
[Pipeline] { (Merge)
[Pipeline] sh (Merging code to master)
+ set -x
+ git branch -a
* (HEAD detached at 8b174a6)
  remotes/origin/develop
  remotes/origin/feature
  remotes/origin/main
  remotes/origin/master
+ git checkout -b develop origin/develop
Switched to a new branch 'develop'
Branch 'develop' set up to track remote branch 'develop' from 'origin'.
+ git checkout -b master origin/master
Switched to a new branch 'master'
Branch 'master' set up to track remote branch 'master' from 'origin'.
+ git merge develop
Merge made by the 'recursive' strategy.
 CHANGELOG.md                           |   8 +-
 README.md                              |   2 +-
 logs/fullCDPipeline.log                | 109 +++++
 logs/productionPipeline.log            | 509 +++++++++++++++++++
 logs/stagingPipeline.log               | 871 +++++++++++++++++++++++++++++++++
 pipelines/PIPELINE-FULL-CD/Jenkinsfile |   4 +-
 6 files changed, 1499 insertions(+), 4 deletions(-)
 create mode 100644 logs/fullCDPipeline.log
 create mode 100644 logs/productionPipeline.log
 create mode 100644 logs/stagingPipeline.log
[Pipeline] sshagent
[ssh-agent] Using credentials silviaalejandra (github)
[ssh-agent] Looking for ssh-agent implementation...
[ssh-agent]   Exec ssh-agent (binary ssh-agent on a remote machine)
$ ssh-agent
SSH_AUTH_SOCK=/tmp/ssh-rLV8IWpwmMrE/agent.21220
SSH_AGENT_PID=21223
Running ssh-add (command line suppressed)
Identity added: /var/lib/jenkins/workspace/PIPELINE-FULL-CD@tmp/private_key_7642343047000851971.key (silviaalejandra@gmail.com)
[ssh-agent] Started.
[Pipeline] {
[Pipeline] sh
+ git push origin master
To github.com:silviaalejandra/todo-list-aws.git
   8c767a2..0f0a235  master -> master
[Pipeline] }
$ ssh-agent -k
unset SSH_AUTH_SOCK;
unset SSH_AGENT_PID;
echo Agent pid 21223 killed;
[ssh-agent] Stopped.
[Pipeline] // sshagent
[Pipeline] }
[Pipeline] // stage
[Pipeline] stage
[Pipeline] { (Production)
[Pipeline] echo
Starting production job
[Pipeline] build (Building pipeline_deploy_parameter » master)
Scheduling project: pipeline_deploy_parameter » master
Starting building: pipeline_deploy_parameter » master #5
[Pipeline] }
[Pipeline] // stage
[Pipeline] stage
[Pipeline] { (Declarative: Post Actions)
[Pipeline] echo
Clean env: delete dir
[Pipeline] cleanWs
[WS-CLEANUP] Deleting project workspace...
[WS-CLEANUP] Deferred wipeout is used...
[WS-CLEANUP] done
[Pipeline] }
[Pipeline] // stage
[Pipeline] }
[Pipeline] // withEnv
[Pipeline] }
[Pipeline] // node
[Pipeline] End of Pipeline
Finished: SUCCESS