Started by an SCM change
Obtained pipelines/PIPELINE-FULL-CD/Jenkinsfile from git git@github.com:silviaalejandra/todo-list-aws.git
[Pipeline] Start of Pipeline
[Pipeline] node
Running on Jenkins in /var/lib/jenkins/workspace/PIPELINE-FULL-CD
[Pipeline] {
[Pipeline] stage
[Pipeline] { (Declarative: Checkout SCM)
[Pipeline] checkout
Selected Git installation does not exist. Using Default
The recommended git tool is: NONE
using credential github
Cloning the remote Git repository
Cloning repository git@github.com:silviaalejandra/todo-list-aws.git
 > git init /var/lib/jenkins/workspace/PIPELINE-FULL-CD # timeout=10
Fetching upstream changes from git@github.com:silviaalejandra/todo-list-aws.git
 > git --version # timeout=10
 > git --version # 'git version 2.17.1'
using GIT_SSH to set credentials github
 > git fetch --tags --progress -- git@github.com:silviaalejandra/todo-list-aws.git +refs/heads/*:refs/remotes/origin/* # timeout=10
 > git config remote.origin.url git@github.com:silviaalejandra/todo-list-aws.git # timeout=10
 > git config --add remote.origin.fetch +refs/heads/*:refs/remotes/origin/* # timeout=10
Avoid second fetch
 > git rev-parse origin/develop^{commit} # timeout=10
Checking out Revision dfa5d1e3397250f55688ba88c311061bd59f7c83 (origin/develop)
 > git config core.sparsecheckout # timeout=10
 > git checkout -f dfa5d1e3397250f55688ba88c311061bd59f7c83 # timeout=10
Commit message: "Merge pull request #7 from silviaalejandra/feature"
 > git rev-list --no-walk 8b174a63e464c2a4edb32840ada8bed6c88d6a40 # timeout=10
[Pipeline] }
[Pipeline] // stage
[Pipeline] withEnv
[Pipeline] {
[Pipeline] stage
[Pipeline] { (Staging)
[Pipeline] echo
Starting staging job
[Pipeline] build (Building pipeline_deploy_parameter » develop)
Scheduling project: pipeline_deploy_parameter » develop
Starting building: pipeline_deploy_parameter » develop #14
[Pipeline] }
[Pipeline] // stage
[Pipeline] stage
[Pipeline] { (Merge)
[Pipeline] sh (Merging code to master)
+ set -x
+ git branch -a
* (HEAD detached at dfa5d1e)
  remotes/origin/develop
  remotes/origin/feature
  remotes/origin/main
  remotes/origin/master
+ git checkout -b develop origin/develop
Switched to a new branch 'develop'
Branch 'develop' set up to track remote branch 'develop' from 'origin'.
+ git checkout -b master origin/master
Switched to a new branch 'master'
Branch 'master' set up to track remote branch 'master' from 'origin'.
+ git merge develop
Already up to date.
[Pipeline] sshagent
[ssh-agent] Using credentials silviaalejandra (github)
[ssh-agent] Looking for ssh-agent implementation...
[ssh-agent]   Exec ssh-agent (binary ssh-agent on a remote machine)
$ ssh-agent
SSH_AUTH_SOCK=/tmp/ssh-ss0m5rMzNTWC/agent.3558
SSH_AGENT_PID=3561
Running ssh-add (command line suppressed)
Identity added: /var/lib/jenkins/workspace/PIPELINE-FULL-CD@tmp/private_key_289549539233900804.key (silviaalejandra@gmail.com)
[ssh-agent] Started.
[Pipeline] {
[Pipeline] sh
+ git push origin master
Everything up-to-date
[Pipeline] }
$ ssh-agent -k
unset SSH_AUTH_SOCK;
unset SSH_AGENT_PID;
echo Agent pid 3561 killed;
[ssh-agent] Stopped.
[Pipeline] // sshagent
[Pipeline] }
[Pipeline] // stage
[Pipeline] stage
[Pipeline] { (Production)
[Pipeline] echo
Starting production job
[Pipeline] build (Building pipeline_deploy_parameter » master)
Scheduling project: pipeline_deploy_parameter » master
Starting building: pipeline_deploy_parameter » master #10
[Pipeline] }
[Pipeline] // stage
[Pipeline] stage
[Pipeline] { (Declarative: Post Actions)
[Pipeline] echo
Clean env: delete dir
[Pipeline] cleanWs
[WS-CLEANUP] Deleting project workspace...
[WS-CLEANUP] Deferred wipeout is used...
[WS-CLEANUP] done
[Pipeline] }
[Pipeline] // stage
[Pipeline] }
[Pipeline] // withEnv
[Pipeline] }
[Pipeline] // node
[Pipeline] End of Pipeline
Finished: SUCCESS