Started by user Silvia Alejandra Gonzalez
03:28:35 Connecting to https://api.github.com using silviaalejandra/****** (token git)
Obtained pipelines/Jenkinsfile from e56d2de372cb261f01e259161a27f3bf930846c6
[Pipeline] Start of Pipeline
[Pipeline] node
Running on Jenkins in /var/lib/jenkins/workspace/ipeline_deploy_parameter_develop
[Pipeline] {
[Pipeline] stage
[Pipeline] { (Declarative: Checkout SCM)
[Pipeline] checkout
Selected Git installation does not exist. Using Default
The recommended git tool is: NONE
using credential Jenkins_silgonza_token_git
Cloning the remote Git repository
Cloning with configured refspecs honoured and without tags
Cloning repository https://github.com/silviaalejandra/todo-list-aws.git
 > git init /var/lib/jenkins/workspace/ipeline_deploy_parameter_develop # timeout=10
Fetching upstream changes from https://github.com/silviaalejandra/todo-list-aws.git
 > git --version # timeout=10
 > git --version # 'git version 2.17.1'
using GIT_ASKPASS to set credentials token git
 > git fetch --no-tags --progress -- https://github.com/silviaalejandra/todo-list-aws.git +refs/heads/develop:refs/remotes/origin/develop # timeout=10
 > git config remote.origin.url https://github.com/silviaalejandra/todo-list-aws.git # timeout=10
 > git config --add remote.origin.fetch +refs/heads/develop:refs/remotes/origin/develop # timeout=10
Avoid second fetch
Checking out Revision e56d2de372cb261f01e259161a27f3bf930846c6 (develop)
 > git config core.sparsecheckout # timeout=10
 > git checkout -f e56d2de372cb261f01e259161a27f3bf930846c6 # timeout=10
Commit message: "Merge pull request #4 from silviaalejandra/feature"
 > git rev-list --no-walk e56d2de372cb261f01e259161a27f3bf930846c6 # timeout=10
[Pipeline] }
[Pipeline] // stage
[Pipeline] withEnv
[Pipeline] {
[Pipeline] stage
[Pipeline] { (controlenvironment)
[Pipeline] script
[Pipeline] {
[Pipeline] }
[Pipeline] // script
[Pipeline] }
[Pipeline] // stage
[Pipeline] stage
[Pipeline] { (SetUp)
[Pipeline] echo
Setup Virtualenv for testing
[Pipeline] sh
+ bash pipelines/PIPELINE-FULL-staging/setup.sh
+ python3.7 -m venv todo-list-aws
+ source todo-list-aws/bin/activate
++ deactivate nondestructive
++ '[' -n '' ']'
++ '[' -n '' ']'
++ '[' -n /bin/bash -o -n '' ']'
++ hash -r
++ '[' -n '' ']'
++ unset VIRTUAL_ENV
++ '[' '!' nondestructive = nondestructive ']'
++ VIRTUAL_ENV=/var/lib/jenkins/workspace/ipeline_deploy_parameter_develop/todo-list-aws
++ export VIRTUAL_ENV
++ _OLD_VIRTUAL_PATH=/usr/local/sbin:/usr/local/bin:/usr/sbin:/usr/bin:/sbin:/bin:/usr/games:/usr/local/games:/snap/bin
++ PATH=/var/lib/jenkins/workspace/ipeline_deploy_parameter_develop/todo-list-aws/bin:/usr/local/sbin:/usr/local/bin:/usr/sbin:/usr/bin:/sbin:/bin:/usr/games:/usr/local/games:/snap/bin
++ export PATH
++ '[' -n '' ']'
++ '[' -z '' ']'
++ _OLD_VIRTUAL_PS1=
++ '[' 'x(todo-list-aws) ' '!=' x ']'
++ PS1='(todo-list-aws) '
++ export PS1
++ '[' -n /bin/bash -o -n '' ']'
++ hash -r
+ python -m pip install --upgrade pip
Cache entry deserialization failed, entry ignored
Collecting pip
  Using cached https://files.pythonhosted.org/packages/a4/6d/6463d49a933f547439d6b5b98b46af8742cc03ae83543e4d7688c2420f8b/pip-21.3.1-py3-none-any.whl
Installing collected packages: pip
  Found existing installation: pip 9.0.1
    Uninstalling pip-9.0.1:
      Successfully uninstalled pip-9.0.1
Successfully installed pip-21.3.1
+ python -m pip install radon
Collecting radon
  Using cached radon-5.1.0-py2.py3-none-any.whl (52 kB)
Collecting mando<0.7,>=0.6
  Using cached mando-0.6.4-py2.py3-none-any.whl (29 kB)
Collecting colorama>=0.4.1
  Using cached colorama-0.4.4-py2.py3-none-any.whl (16 kB)
Collecting future
  Using cached future-0.18.2.tar.gz (829 kB)
  Preparing metadata (setup.py): started
  Preparing metadata (setup.py): finished with status 'done'
Collecting six
  Using cached six-1.16.0-py2.py3-none-any.whl (11 kB)
Using legacy 'setup.py install' for future, since package 'wheel' is not installed.
Installing collected packages: six, mando, future, colorama, radon
    Running setup.py install for future: started
    Running setup.py install for future: finished with status 'done'
Successfully installed colorama-0.4.4 future-0.18.2 mando-0.6.4 radon-5.1.0 six-1.16.0
+ python -m pip install flake8
Collecting flake8
  Using cached flake8-4.0.1-py2.py3-none-any.whl (64 kB)
Collecting mccabe<0.7.0,>=0.6.0
  Using cached mccabe-0.6.1-py2.py3-none-any.whl (8.6 kB)
Collecting pycodestyle<2.9.0,>=2.8.0
  Using cached pycodestyle-2.8.0-py2.py3-none-any.whl (42 kB)
Collecting importlib-metadata<4.3
  Using cached importlib_metadata-4.2.0-py3-none-any.whl (16 kB)
Collecting pyflakes<2.5.0,>=2.4.0
  Using cached pyflakes-2.4.0-py2.py3-none-any.whl (69 kB)
Collecting typing-extensions>=3.6.4
  Using cached typing_extensions-4.0.1-py3-none-any.whl (22 kB)
Collecting zipp>=0.5
  Using cached zipp-3.7.0-py3-none-any.whl (5.3 kB)
Installing collected packages: zipp, typing-extensions, pyflakes, pycodestyle, mccabe, importlib-metadata, flake8
Successfully installed flake8-4.0.1 importlib-metadata-4.2.0 mccabe-0.6.1 pycodestyle-2.8.0 pyflakes-2.4.0 typing-extensions-4.0.1 zipp-3.7.0
+ python -m pip install flake8-polyfill
Collecting flake8-polyfill
  Using cached flake8_polyfill-1.0.2-py2.py3-none-any.whl (7.3 kB)
Requirement already satisfied: flake8 in ./todo-list-aws/lib/python3.7/site-packages (from flake8-polyfill) (4.0.1)
Requirement already satisfied: pycodestyle<2.9.0,>=2.8.0 in ./todo-list-aws/lib/python3.7/site-packages (from flake8->flake8-polyfill) (2.8.0)
Requirement already satisfied: importlib-metadata<4.3 in ./todo-list-aws/lib/python3.7/site-packages (from flake8->flake8-polyfill) (4.2.0)
Requirement already satisfied: mccabe<0.7.0,>=0.6.0 in ./todo-list-aws/lib/python3.7/site-packages (from flake8->flake8-polyfill) (0.6.1)
Requirement already satisfied: pyflakes<2.5.0,>=2.4.0 in ./todo-list-aws/lib/python3.7/site-packages (from flake8->flake8-polyfill) (2.4.0)
Requirement already satisfied: typing-extensions>=3.6.4 in ./todo-list-aws/lib/python3.7/site-packages (from importlib-metadata<4.3->flake8->flake8-polyfill) (4.0.1)
Requirement already satisfied: zipp>=0.5 in ./todo-list-aws/lib/python3.7/site-packages (from importlib-metadata<4.3->flake8->flake8-polyfill) (3.7.0)
Installing collected packages: flake8-polyfill
Successfully installed flake8-polyfill-1.0.2
+ python -m pip install bandit
Collecting bandit
  Using cached bandit-1.7.1-py3-none-any.whl (113 kB)
Collecting stevedore>=1.20.0
  Using cached stevedore-3.5.0-py3-none-any.whl (49 kB)
Collecting GitPython>=1.0.1
  Using cached GitPython-3.1.26-py3-none-any.whl (180 kB)
Collecting PyYAML>=5.3.1
  Using cached PyYAML-6.0-cp37-cp37m-manylinux_2_5_x86_64.manylinux1_x86_64.manylinux_2_12_x86_64.manylinux2010_x86_64.whl (596 kB)
Collecting gitdb<5,>=4.0.1
  Using cached gitdb-4.0.9-py3-none-any.whl (63 kB)
Requirement already satisfied: typing-extensions>=3.7.4.3 in ./todo-list-aws/lib/python3.7/site-packages (from GitPython>=1.0.1->bandit) (4.0.1)
Requirement already satisfied: importlib-metadata>=1.7.0 in ./todo-list-aws/lib/python3.7/site-packages (from stevedore>=1.20.0->bandit) (4.2.0)
Collecting pbr!=2.1.0,>=2.0.0
  Using cached pbr-5.8.0-py2.py3-none-any.whl (112 kB)
Collecting smmap<6,>=3.0.1
  Using cached smmap-5.0.0-py3-none-any.whl (24 kB)
Requirement already satisfied: zipp>=0.5 in ./todo-list-aws/lib/python3.7/site-packages (from importlib-metadata>=1.7.0->stevedore>=1.20.0->bandit) (3.7.0)
Installing collected packages: smmap, pbr, gitdb, stevedore, PyYAML, GitPython, bandit
Successfully installed GitPython-3.1.26 PyYAML-6.0 bandit-1.7.1 gitdb-4.0.9 pbr-5.8.0 smmap-5.0.0 stevedore-3.5.0
+ python -m pip install pytest
Collecting pytest
  Using cached pytest-6.2.5-py3-none-any.whl (280 kB)
Collecting toml
  Using cached toml-0.10.2-py2.py3-none-any.whl (16 kB)
Collecting pluggy<2.0,>=0.12
  Using cached pluggy-1.0.0-py2.py3-none-any.whl (13 kB)
Collecting py>=1.8.2
  Using cached py-1.11.0-py2.py3-none-any.whl (98 kB)
Requirement already satisfied: importlib-metadata>=0.12 in ./todo-list-aws/lib/python3.7/site-packages (from pytest) (4.2.0)
Collecting iniconfig
  Using cached iniconfig-1.1.1-py2.py3-none-any.whl (5.0 kB)
Collecting packaging
  Using cached packaging-21.3-py3-none-any.whl (40 kB)
Collecting attrs>=19.2.0
  Using cached attrs-21.4.0-py2.py3-none-any.whl (60 kB)
Requirement already satisfied: zipp>=0.5 in ./todo-list-aws/lib/python3.7/site-packages (from importlib-metadata>=0.12->pytest) (3.7.0)
Requirement already satisfied: typing-extensions>=3.6.4 in ./todo-list-aws/lib/python3.7/site-packages (from importlib-metadata>=0.12->pytest) (4.0.1)
Collecting pyparsing!=3.0.5,>=2.0.2
  Using cached pyparsing-3.0.6-py3-none-any.whl (97 kB)
Installing collected packages: pyparsing, toml, py, pluggy, packaging, iniconfig, attrs, pytest
Successfully installed attrs-21.4.0 iniconfig-1.1.1 packaging-21.3 pluggy-1.0.0 py-1.11.0 pyparsing-3.0.6 pytest-6.2.5 toml-0.10.2
+ python -m pip install boto3
Collecting boto3
  Using cached boto3-1.20.37-py3-none-any.whl (131 kB)
Collecting s3transfer<0.6.0,>=0.5.0
  Using cached s3transfer-0.5.0-py3-none-any.whl (79 kB)
Collecting botocore<1.24.0,>=1.23.37
  Using cached botocore-1.23.37-py3-none-any.whl (8.5 MB)
Collecting jmespath<1.0.0,>=0.7.1
  Using cached jmespath-0.10.0-py2.py3-none-any.whl (24 kB)
Collecting urllib3<1.27,>=1.25.4
  Using cached urllib3-1.26.8-py2.py3-none-any.whl (138 kB)
Collecting python-dateutil<3.0.0,>=2.1
  Using cached python_dateutil-2.8.2-py2.py3-none-any.whl (247 kB)
Requirement already satisfied: six>=1.5 in ./todo-list-aws/lib/python3.7/site-packages (from python-dateutil<3.0.0,>=2.1->botocore<1.24.0,>=1.23.37->boto3) (1.16.0)
Installing collected packages: urllib3, python-dateutil, jmespath, botocore, s3transfer, boto3
Successfully installed boto3-1.20.37 botocore-1.23.37 jmespath-0.10.0 python-dateutil-2.8.2 s3transfer-0.5.0 urllib3-1.26.8
+ python -m pip install moto
Collecting moto
  Using cached moto-2.3.1-py2.py3-none-any.whl (1.5 MB)
Collecting werkzeug
  Using cached Werkzeug-2.0.2-py3-none-any.whl (288 kB)
Collecting MarkupSafe!=2.0.0a1
  Using cached MarkupSafe-2.0.1-cp37-cp37m-manylinux_2_5_x86_64.manylinux1_x86_64.manylinux_2_12_x86_64.manylinux2010_x86_64.whl (31 kB)
Requirement already satisfied: importlib-metadata in ./todo-list-aws/lib/python3.7/site-packages (from moto) (4.2.0)
Collecting requests>=2.5
  Using cached requests-2.27.1-py2.py3-none-any.whl (63 kB)
Collecting xmltodict
  Using cached xmltodict-0.12.0-py2.py3-none-any.whl (9.2 kB)
Collecting responses>=0.9.0
  Using cached responses-0.17.0-py2.py3-none-any.whl (38 kB)
Collecting pytz
  Using cached pytz-2021.3-py2.py3-none-any.whl (503 kB)
Requirement already satisfied: botocore>=1.12.201 in ./todo-list-aws/lib/python3.7/site-packages (from moto) (1.23.37)
Collecting Jinja2>=2.10.1
  Using cached Jinja2-3.0.3-py3-none-any.whl (133 kB)
Collecting cryptography>=3.3.1
  Using cached cryptography-36.0.1-cp36-abi3-manylinux_2_24_x86_64.whl (3.6 MB)
Requirement already satisfied: boto3>=1.9.201 in ./todo-list-aws/lib/python3.7/site-packages (from moto) (1.20.37)
Requirement already satisfied: python-dateutil<3.0.0,>=2.1 in ./todo-list-aws/lib/python3.7/site-packages (from moto) (2.8.2)
Requirement already satisfied: s3transfer<0.6.0,>=0.5.0 in ./todo-list-aws/lib/python3.7/site-packages (from boto3>=1.9.201->moto) (0.5.0)
Requirement already satisfied: jmespath<1.0.0,>=0.7.1 in ./todo-list-aws/lib/python3.7/site-packages (from boto3>=1.9.201->moto) (0.10.0)
Requirement already satisfied: urllib3<1.27,>=1.25.4 in ./todo-list-aws/lib/python3.7/site-packages (from botocore>=1.12.201->moto) (1.26.8)
Collecting cffi>=1.12
  Using cached cffi-1.15.0-cp37-cp37m-manylinux_2_12_x86_64.manylinux2010_x86_64.whl (427 kB)
Requirement already satisfied: six>=1.5 in ./todo-list-aws/lib/python3.7/site-packages (from python-dateutil<3.0.0,>=2.1->moto) (1.16.0)
Collecting certifi>=2017.4.17
  Using cached certifi-2021.10.8-py2.py3-none-any.whl (149 kB)
Collecting idna<4,>=2.5
  Using cached idna-3.3-py3-none-any.whl (61 kB)
Collecting charset-normalizer~=2.0.0
  Using cached charset_normalizer-2.0.10-py3-none-any.whl (39 kB)
Requirement already satisfied: typing-extensions>=3.6.4 in ./todo-list-aws/lib/python3.7/site-packages (from importlib-metadata->moto) (4.0.1)
Requirement already satisfied: zipp>=0.5 in ./todo-list-aws/lib/python3.7/site-packages (from importlib-metadata->moto) (3.7.0)
Collecting pycparser
  Using cached pycparser-2.21-py2.py3-none-any.whl (118 kB)
Installing collected packages: pycparser, idna, charset-normalizer, certifi, requests, MarkupSafe, cffi, xmltodict, werkzeug, responses, pytz, Jinja2, cryptography, moto
Successfully installed Jinja2-3.0.3 MarkupSafe-2.0.1 certifi-2021.10.8 cffi-1.15.0 charset-normalizer-2.0.10 cryptography-36.0.1 idna-3.3 moto-2.3.1 pycparser-2.21 pytz-2021.3 requests-2.27.1 responses-0.17.0 werkzeug-2.0.2 xmltodict-0.12.0
+ python -m pip install mock==4.0.2
Collecting mock==4.0.2
  Using cached mock-4.0.2-py3-none-any.whl (28 kB)
Installing collected packages: mock
Successfully installed mock-4.0.2
+ python -m pip install coverage==4.5.4
Collecting coverage==4.5.4
  Using cached coverage-4.5.4-cp37-cp37m-manylinux1_x86_64.whl (205 kB)
Installing collected packages: coverage
Successfully installed coverage-4.5.4
+ pwd
/var/lib/jenkins/workspace/ipeline_deploy_parameter_develop
[Pipeline] }
[Pipeline] // stage
[Pipeline] stage
[Pipeline] { (Test)
[Pipeline] echo
Static program analysis:
[Pipeline] sh
+ bash pipelines/PIPELINE-FULL-staging/static_test.sh
++ radon cc src -nc
++ wc -l
+ RAD_ERRORS=0
+ [[ 0 -ne 0 ]]
++ wc -l
++ radon mi src -nc
+ RAD_ERRORS=0
+ [[ 0 -ne 0 ]]
+ flake8 src/__init__.py src/create.py src/decimalencoder.py src/delete.py src/get.py src/list.py src/todoList.py src/update.py
+ [[ 0 -ne 0 ]]
+ bandit src/__init__.py src/create.py src/decimalencoder.py src/delete.py src/get.py src/list.py src/todoList.py src/update.py
[main]	INFO	profile include tests: None
[main]	INFO	profile exclude tests: None
[main]	INFO	cli include tests: None
[main]	INFO	cli exclude tests: None
[main]	INFO	running on Python 3.7.5
Run started:2022-01-15 03:28:58.108582

Test results:
	No issues identified.

Code scanned:
	Total lines of code: 194
	Total lines skipped (#nosec): 0

Run metrics:
	Total issues (by severity):
		Undefined: 0.0
		Low: 0.0
		Medium: 0.0
		High: 0.0
	Total issues (by confidence):
		Undefined: 0.0
		Low: 0.0
		Medium: 0.0
		High: 0.0
Files skipped (0):
+ [[ 0 -ne 0 ]]
[Pipeline] echo
Unit testing:
[Pipeline] sh
+ bash pipelines/PIPELINE-FULL-staging/unit_test.sh
++ pwd
+ export PYTHONPATH=:/var/lib/jenkins/workspace/ipeline_deploy_parameter_develop
+ PYTHONPATH=:/var/lib/jenkins/workspace/ipeline_deploy_parameter_develop
+ echo 'PYTHONPATH: :/var/lib/jenkins/workspace/ipeline_deploy_parameter_develop'
PYTHONPATH: :/var/lib/jenkins/workspace/ipeline_deploy_parameter_develop
+ export DYNAMODB_TABLE=todoUnitTestsTable
+ DYNAMODB_TABLE=todoUnitTestsTable
+ python test/unit/TestToDo.py
.........
----------------------------------------------------------------------
Ran 9 tests in 0.746s

OK
---------------------
Start: setUp
Creating Table with name:todoUnitTestsTable
End: setUp
---------------------
Start: test_delete_todo
Table name:todoUnitTestsTable
Response PutItem{'statusCode': 200, 'body': '{"id": "46beabce-75b3-11ec-ab5c-129aa2831209", "text": "Aprender DevOps y Cloud en la UNIR", "checked": false, "createdAt": "1642217338.7971668", "updatedAt": "1642217338.7971668"}'}
Id item:46beabce-75b3-11ec-ab5c-129aa2831209
Item deleted succesfully
End: test_delete_todo
---------------------
Start: tearDown
Table deleted succesfully
End: tearDown
---------------------
Start: setUp
Creating Table with name:todoUnitTestsTable
End: setUp
---------------------
Start: test_delete_todo_error
End: test_delete_todo_error
---------------------
Start: tearDown
Table deleted succesfully
End: tearDown
---------------------
Start: setUp
Creating Table with name:todoUnitTestsTable
End: setUp
---------------------
Start: test_get_todo
Table name:todoUnitTestsTable
Response put_item:{'statusCode': 200, 'body': '{"id": "46beabcf-75b3-11ec-ab5c-129aa2831209", "text": "Aprender DevOps y Cloud en la UNIR", "checked": false, "createdAt": "1642217338.9476912", "updatedAt": "1642217338.9476912"}'}
Id item:46beabcf-75b3-11ec-ab5c-129aa2831209
Result getItem:{'Item': {'id': '46beabcf-75b3-11ec-ab5c-129aa2831209', 'text': 'Aprender DevOps y Cloud en la UNIR', 'checked': False, 'createdAt': '1642217338.9476912', 'updatedAt': '1642217338.9476912'}, 'ResponseMetadata': {'RequestId': 'FMQOOXC9R5BZC2IDFP4ZWAOHZ9KLQXLBC2OGS7SEHJPK5WTV4STL', 'HTTPStatusCode': 200, 'HTTPHeaders': {'server': 'amazon.com', 'x-amzn-requestid': 'FMQOOXC9R5BZC2IDFP4ZWAOHZ9KLQXLBC2OGS7SEHJPK5WTV4STL', 'x-amz-crc32': '3640414887'}, 'RetryAttempts': 0}}
Response Get:{'id': '46beabcf-75b3-11ec-ab5c-129aa2831209', 'text': 'Aprender DevOps y Cloud en la UNIR', 'checked': False, 'createdAt': '1642217338.9476912', 'updatedAt': '1642217338.9476912'}
End: test_get_todo
---------------------
Start: tearDown
Table deleted succesfully
End: tearDown
---------------------
Start: setUp
Creating Table with name:todoUnitTestsTable
End: setUp
---------------------
Start: test_list_todo
Table name:todoUnitTestsTable
Response GetItems[{'id': '46beabd0-75b3-11ec-ab5c-129aa2831209', 'text': 'Aprender DevOps y Cloud en la UNIR', 'checked': False, 'createdAt': '1642217339.0138042', 'updatedAt': '1642217339.0138042'}]
End: test_list_todo
---------------------
Start: tearDown
Table deleted succesfully
End: tearDown
---------------------
Start: setUp
Creating Table with name:todoUnitTestsTable
End: setUp
---------------------
Start: test_put_todo
Table name:todoUnitTestsTable
Response put_item:{'statusCode': 200, 'body': '{"id": "46beabd1-75b3-11ec-ab5c-129aa2831209", "text": "Aprender DevOps y Cloud en la UNIR", "checked": false, "createdAt": "1642217339.145491", "updatedAt": "1642217339.145491"}'}
End: test_put_todo
---------------------
Start: tearDown
Table deleted succesfully
End: tearDown
---------------------
Start: setUp
Creating Table with name:todoUnitTestsTable
End: setUp
---------------------
Start: test_put_todo_error
Table name:todoUnitTestsTable
Table name:todoUnitTestsTable
End: test_put_todo_error
---------------------
Start: tearDown
Table deleted succesfully
End: tearDown
---------------------
Start: setUp
Creating Table with name:todoUnitTestsTable
End: setUp
---------------------
Start: test_table_exists
Table name:todoUnitTestsTable
End: test_table_exists
---------------------
Start: tearDown
Table deleted succesfully
End: tearDown
---------------------
Start: setUp
Creating Table with name:todoUnitTestsTable
End: setUp
---------------------
Start: test_update_todo
Table name:todoUnitTestsTable
Response PutItem{'statusCode': 200, 'body': '{"id": "46beabd4-75b3-11ec-ab5c-129aa2831209", "text": "Aprender DevOps y Cloud en la UNIR", "checked": false, "createdAt": "1642217339.3255398", "updatedAt": "1642217339.3255398"}'}
Id item:46beabd4-75b3-11ec-ab5c-129aa2831209
Result Update Item:{'id': '46beabd4-75b3-11ec-ab5c-129aa2831209', 'text': 'Aprender más cosas que DevOps y Cloud en la UNIR', 'checked': 'false', 'createdAt': '1642217339.3255398', 'updatedAt': Decimal('1642217339328')}
End: test_update_todo
---------------------
Start: tearDown
Table deleted succesfully
End: tearDown
---------------------
Start: setUp
Creating Table with name:todoUnitTestsTable
End: setUp
---------------------
Start: atest_update_todo_error
Table name:todoUnitTestsTable
Response PutItem{'statusCode': 200, 'body': '{"id": "46beabd5-75b3-11ec-ab5c-129aa2831209", "text": "Aprender DevOps y Cloud en la UNIR", "checked": false, "createdAt": "1642217339.4004607", "updatedAt": "1642217339.4004607"}'}
End: atest_update_todo_error
---------------------
Start: tearDown
Table deleted succesfully
End: tearDown
+ pip show coverage
Name: coverage
Version: 4.5.4
Summary: Code coverage measurement for Python
Home-page: https://github.com/nedbat/coveragepy
Author: Ned Batchelder and 100 others
Author-email: ned@nedbatchelder.com
License: Apache 2.0
Location: /var/lib/jenkins/workspace/ipeline_deploy_parameter_develop/todo-list-aws/lib/python3.7/site-packages
Requires: 
Required-by: 
+ coverage run --include=src/todoList.py test/unit/TestToDo.py
.........
----------------------------------------------------------------------
Ran 9 tests in 0.924s

OK
---------------------
Start: setUp
Creating Table with name:todoUnitTestsTable
End: setUp
---------------------
Start: test_delete_todo
Table name:todoUnitTestsTable
Response PutItem{'statusCode': 200, 'body': '{"id": "47e32002-75b3-11ec-ab5c-129aa2831209", "text": "Aprender DevOps y Cloud en la UNIR", "checked": false, "createdAt": "1642217340.7238219", "updatedAt": "1642217340.7238219"}'}
Id item:47e32002-75b3-11ec-ab5c-129aa2831209
Item deleted succesfully
End: test_delete_todo
---------------------
Start: tearDown
Table deleted succesfully
End: tearDown
---------------------
Start: setUp
Creating Table with name:todoUnitTestsTable
End: setUp
---------------------
Start: test_delete_todo_error
End: test_delete_todo_error
---------------------
Start: tearDown
Table deleted succesfully
End: tearDown
---------------------
Start: setUp
Creating Table with name:todoUnitTestsTable
End: setUp
---------------------
Start: test_get_todo
Table name:todoUnitTestsTable
Response put_item:{'statusCode': 200, 'body': '{"id": "47e32003-75b3-11ec-ab5c-129aa2831209", "text": "Aprender DevOps y Cloud en la UNIR", "checked": false, "createdAt": "1642217340.8942728", "updatedAt": "1642217340.8942728"}'}
Id item:47e32003-75b3-11ec-ab5c-129aa2831209
Result getItem:{'Item': {'id': '47e32003-75b3-11ec-ab5c-129aa2831209', 'text': 'Aprender DevOps y Cloud en la UNIR', 'checked': False, 'createdAt': '1642217340.8942728', 'updatedAt': '1642217340.8942728'}, 'ResponseMetadata': {'RequestId': 'Q498Z0ZVHRYUM9D3BRQMAHHVS43L5QM0QXZ7HMH2MRRETZOZX38B', 'HTTPStatusCode': 200, 'HTTPHeaders': {'server': 'amazon.com', 'x-amzn-requestid': 'Q498Z0ZVHRYUM9D3BRQMAHHVS43L5QM0QXZ7HMH2MRRETZOZX38B', 'x-amz-crc32': '1960646551'}, 'RetryAttempts': 0}}
Response Get:{'id': '47e32003-75b3-11ec-ab5c-129aa2831209', 'text': 'Aprender DevOps y Cloud en la UNIR', 'checked': False, 'createdAt': '1642217340.8942728', 'updatedAt': '1642217340.8942728'}
End: test_get_todo
---------------------
Start: tearDown
Table deleted succesfully
End: tearDown
---------------------
Start: setUp
Creating Table with name:todoUnitTestsTable
End: setUp
---------------------
Start: test_list_todo
Table name:todoUnitTestsTable
Response GetItems[{'id': '47e32004-75b3-11ec-ab5c-129aa2831209', 'text': 'Aprender DevOps y Cloud en la UNIR', 'checked': False, 'createdAt': '1642217341.0401912', 'updatedAt': '1642217341.0401912'}]
End: test_list_todo
---------------------
Start: tearDown
Table deleted succesfully
End: tearDown
---------------------
Start: setUp
Creating Table with name:todoUnitTestsTable
End: setUp
---------------------
Start: test_put_todo
Table name:todoUnitTestsTable
Response put_item:{'statusCode': 200, 'body': '{"id": "47e32005-75b3-11ec-ab5c-129aa2831209", "text": "Aprender DevOps y Cloud en la UNIR", "checked": false, "createdAt": "1642217341.1224027", "updatedAt": "1642217341.1224027"}'}
End: test_put_todo
---------------------
Start: tearDown
Table deleted succesfully
End: tearDown
---------------------
Start: setUp
Creating Table with name:todoUnitTestsTable
End: setUp
---------------------
Start: test_put_todo_error
Table name:todoUnitTestsTable
Table name:todoUnitTestsTable
End: test_put_todo_error
---------------------
Start: tearDown
Table deleted succesfully
End: tearDown
---------------------
Start: setUp
Creating Table with name:todoUnitTestsTable
End: setUp
---------------------
Start: test_table_exists
Table name:todoUnitTestsTable
End: test_table_exists
---------------------
Start: tearDown
Table deleted succesfully
End: tearDown
---------------------
Start: setUp
Creating Table with name:todoUnitTestsTable
End: setUp
---------------------
Start: test_update_todo
Table name:todoUnitTestsTable
Response PutItem{'statusCode': 200, 'body': '{"id": "47e32008-75b3-11ec-ab5c-129aa2831209", "text": "Aprender DevOps y Cloud en la UNIR", "checked": false, "createdAt": "1642217341.3747106", "updatedAt": "1642217341.3747106"}'}
Id item:47e32008-75b3-11ec-ab5c-129aa2831209
Result Update Item:{'id': '47e32008-75b3-11ec-ab5c-129aa2831209', 'text': 'Aprender más cosas que DevOps y Cloud en la UNIR', 'checked': 'false', 'createdAt': '1642217341.3747106', 'updatedAt': Decimal('1642217341378')}
End: test_update_todo
---------------------
Start: tearDown
Table deleted succesfully
End: tearDown
---------------------
Start: setUp
Creating Table with name:todoUnitTestsTable
End: setUp
---------------------
Start: atest_update_todo_error
Table name:todoUnitTestsTable
Response PutItem{'statusCode': 200, 'body': '{"id": "47e32009-75b3-11ec-ab5c-129aa2831209", "text": "Aprender DevOps y Cloud en la UNIR", "checked": false, "createdAt": "1642217341.539072", "updatedAt": "1642217341.539072"}'}
End: atest_update_todo_error
---------------------
Start: tearDown
Table deleted succesfully
End: tearDown
+ coverage report
Name              Stmts   Miss  Cover
-------------------------------------
src/todoList.py      64     15    77%
+ coverage xml
Post stage
[Pipeline] script
[Pipeline] {
[Pipeline] publishCoverage
Publishing Coverage report....
A total of 1 reports were found
Report coverage diff: 0.0%. Add to CoverageResult.
Group coverage diff: 0.0%. Add to CoverageResult.
Package coverage diff: 0.0%. Add to CoverageResult.
File coverage diff: 0.0%. Add to CoverageResult.
Class coverage diff: 0.0%. Add to CoverageResult.
Line coverage diff: 0.0%. Add to CoverageResult.
[Coverage] Computing coverage delta report
[Coverage] Reference build recorder is not configured
[Coverage] -> No reference build defined, falling back to previous build
[Coverage] -> Found reference result 'io.jenkins.plugins.coverage.CoverageAction@58e2d11e'
[Checks API] No suitable checks publisher found.
[Pipeline] }
[Pipeline] // script
[Pipeline] }
[Pipeline] // stage
[Pipeline] stage
[Pipeline] { (Build)
[Pipeline] echo
Package sam application:
[Pipeline] sh
+ bash pipelines/common-steps/build.sh
+ sam validate --region us-east-1
2022-01-15 03:29:03 Loading policies from IAM...
2022-01-15 03:29:04 Finished loading policies from IAM.
/var/lib/jenkins/workspace/ipeline_deploy_parameter_develop/template.yaml is a valid SAM Template
+ sam build
Building codeuri: /var/lib/jenkins/workspace/ipeline_deploy_parameter_develop/src runtime: python3.7 metadata: {} architecture: x86_64 functions: ['CreateTodoFunction', 'ListTodosFunction', 'GetTodoFunction', 'UpdateTodoFunction', 'DeleteTodoFunction']
Running PythonPipBuilder:ResolveDependencies
Running PythonPipBuilder:CopySource

Build Succeeded

Built Artifacts  : .aws-sam/build
Built Template   : .aws-sam/build/template.yaml

Commands you can use next
=========================
[*] Invoke Function: sam local invoke
[*] Deploy: sam deploy --guided
    
[Pipeline] }
[Pipeline] // stage
[Pipeline] stage
[Pipeline] { (Deploy)
[Pipeline] echo
Initiating Deployment
[Pipeline] sh
+ bash pipelines/common-steps/deploy.sh
+ du -hs CHANGELOG.md README.md coverage.xml localEnvironment.json logs pipelines pytest.ini samconfig.toml src template.yaml test todo-list-aws
+ sort -h
4.0K	CHANGELOG.md
4.0K	coverage.xml
4.0K	localEnvironment.json
4.0K	pytest.ini
4.0K	samconfig.toml
8.0K	README.md
8.0K	template.yaml
28K	test
48K	src
64K	pipelines
144K	logs
150M	todo-list-aws
+ sam deploy template.yaml --config-env staging --no-confirm-changeset --force-upload --no-fail-on-empty-changeset --no-progressbar
	Deploying with following values
	===============================
	Stack name                   : todo-list-aws-staging
	Region                       : us-east-1
	Confirm changeset            : False
	Deployment s3 bucket         : aws-sam-cli-managed-staging-samclisourcebucket-silgonza.s3unir
	Capabilities                 : ["CAPABILITY_IAM"]
	Parameter overrides          : {"Stage": "staging"}
	Signing Profiles             : {}

Initiating deployment
=====================
Waiting for changeset to be created..
CloudFormation stack changeset
-------------------------------------------------------------------------------------------------
Operation                LogicalResourceId        ResourceType             Replacement            
-------------------------------------------------------------------------------------------------
+ Add                    CreateTodoFunctionCrea   AWS::Lambda::Permissio   N/A                    
                         tePermissionProd         n                                               
+ Add                    CreateTodoFunction       AWS::Lambda::Function    N/A                    
+ Add                    DeleteTodoFunctionCrea   AWS::Lambda::Permissio   N/A                    
                         tePermissionProd         n                                               
+ Add                    DeleteTodoFunction       AWS::Lambda::Function    N/A                    
+ Add                    GetTodoFunctionCreateP   AWS::Lambda::Permissio   N/A                    
                         ermissionProd            n                                               
+ Add                    GetTodoFunction          AWS::Lambda::Function    N/A                    
+ Add                    ListTodosFunctionCreat   AWS::Lambda::Permissio   N/A                    
                         ePermissionProd          n                                               
+ Add                    ListTodosFunction        AWS::Lambda::Function    N/A                    
+ Add                    ServerlessRestApiDeplo   AWS::ApiGateway::Deplo   N/A                    
                         yment141b842de6          yment                                           
+ Add                    ServerlessRestApiProdS   AWS::ApiGateway::Stage   N/A                    
                         tage                                                                     
+ Add                    ServerlessRestApi        AWS::ApiGateway::RestA   N/A                    
                                                  pi                                              
+ Add                    TodosDynamoDbTable       AWS::DynamoDB::Table     N/A                    
+ Add                    UpdateTodoFunctionCrea   AWS::Lambda::Permissio   N/A                    
                         tePermissionProd         n                                               
+ Add                    UpdateTodoFunction       AWS::Lambda::Function    N/A                    
-------------------------------------------------------------------------------------------------

Changeset created successfully. arn:aws:cloudformation:us-east-1:503895358391:changeSet/samcli-deploy1642217349/f87ce522-4eb9-40d9-8c0a-64598296fb13


2022-01-15 03:29:19 - Waiting for stack create/update to complete

CloudFormation events from changeset
-------------------------------------------------------------------------------------------------
ResourceStatus           ResourceType             LogicalResourceId        ResourceStatusReason   
-------------------------------------------------------------------------------------------------
CREATE_IN_PROGRESS       AWS::DynamoDB::Table     TodosDynamoDbTable       -                      
CREATE_IN_PROGRESS       AWS::DynamoDB::Table     TodosDynamoDbTable       Resource creation      
                                                                           Initiated              
CREATE_COMPLETE          AWS::DynamoDB::Table     TodosDynamoDbTable       -                      
CREATE_IN_PROGRESS       AWS::Lambda::Function    DeleteTodoFunction       -                      
CREATE_IN_PROGRESS       AWS::Lambda::Function    UpdateTodoFunction       -                      
CREATE_IN_PROGRESS       AWS::Lambda::Function    GetTodoFunction          -                      
CREATE_IN_PROGRESS       AWS::Lambda::Function    CreateTodoFunction       -                      
CREATE_IN_PROGRESS       AWS::Lambda::Function    ListTodosFunction        -                      
CREATE_IN_PROGRESS       AWS::Lambda::Function    GetTodoFunction          Resource creation      
                                                                           Initiated              
CREATE_IN_PROGRESS       AWS::Lambda::Function    CreateTodoFunction       Resource creation      
                                                                           Initiated              
CREATE_IN_PROGRESS       AWS::Lambda::Function    DeleteTodoFunction       Resource creation      
                                                                           Initiated              
CREATE_IN_PROGRESS       AWS::Lambda::Function    ListTodosFunction        Resource creation      
                                                                           Initiated              
CREATE_IN_PROGRESS       AWS::Lambda::Function    UpdateTodoFunction       Resource creation      
                                                                           Initiated              
CREATE_COMPLETE          AWS::Lambda::Function    UpdateTodoFunction       -                      
CREATE_COMPLETE          AWS::Lambda::Function    CreateTodoFunction       -                      
CREATE_COMPLETE          AWS::Lambda::Function    GetTodoFunction          -                      
CREATE_COMPLETE          AWS::Lambda::Function    DeleteTodoFunction       -                      
CREATE_COMPLETE          AWS::Lambda::Function    ListTodosFunction        -                      
CREATE_IN_PROGRESS       AWS::ApiGateway::RestA   ServerlessRestApi        -                      
                         pi                                                                       
CREATE_IN_PROGRESS       AWS::ApiGateway::RestA   ServerlessRestApi        Resource creation      
                         pi                                                Initiated              
CREATE_COMPLETE          AWS::ApiGateway::RestA   ServerlessRestApi        -                      
                         pi                                                                       
CREATE_IN_PROGRESS       AWS::Lambda::Permissio   GetTodoFunctionCreateP   -                      
                         n                        ermissionProd                                   
CREATE_IN_PROGRESS       AWS::ApiGateway::Deplo   ServerlessRestApiDeplo   -                      
                         yment                    yment141b842de6                                 
CREATE_IN_PROGRESS       AWS::Lambda::Permissio   ListTodosFunctionCreat   Resource creation      
                         n                        ePermissionProd          Initiated              
CREATE_IN_PROGRESS       AWS::Lambda::Permissio   DeleteTodoFunctionCrea   Resource creation      
                         n                        tePermissionProd         Initiated              
CREATE_IN_PROGRESS       AWS::Lambda::Permissio   UpdateTodoFunctionCrea   -                      
                         n                        tePermissionProd                                
CREATE_IN_PROGRESS       AWS::Lambda::Permissio   GetTodoFunctionCreateP   Resource creation      
                         n                        ermissionProd            Initiated              
CREATE_IN_PROGRESS       AWS::Lambda::Permissio   CreateTodoFunctionCrea   -                      
                         n                        tePermissionProd                                
CREATE_IN_PROGRESS       AWS::Lambda::Permissio   ListTodosFunctionCreat   -                      
                         n                        ePermissionProd                                 
CREATE_IN_PROGRESS       AWS::Lambda::Permissio   DeleteTodoFunctionCrea   -                      
                         n                        tePermissionProd                                
CREATE_IN_PROGRESS       AWS::Lambda::Permissio   UpdateTodoFunctionCrea   Resource creation      
                         n                        tePermissionProd         Initiated              
CREATE_IN_PROGRESS       AWS::Lambda::Permissio   CreateTodoFunctionCrea   Resource creation      
                         n                        tePermissionProd         Initiated              
CREATE_IN_PROGRESS       AWS::ApiGateway::Deplo   ServerlessRestApiDeplo   Resource creation      
                         yment                    yment141b842de6          Initiated              
CREATE_COMPLETE          AWS::ApiGateway::Deplo   ServerlessRestApiDeplo   -                      
                         yment                    yment141b842de6                                 
CREATE_IN_PROGRESS       AWS::ApiGateway::Stage   ServerlessRestApiProdS   -                      
                                                  tage                                            
CREATE_IN_PROGRESS       AWS::ApiGateway::Stage   ServerlessRestApiProdS   Resource creation      
                                                  tage                     Initiated              
CREATE_COMPLETE          AWS::ApiGateway::Stage   ServerlessRestApiProdS   -                      
                                                  tage                                            
CREATE_COMPLETE          AWS::Lambda::Permissio   ListTodosFunctionCreat   -                      
                         n                        ePermissionProd                                 
CREATE_COMPLETE          AWS::Lambda::Permissio   DeleteTodoFunctionCrea   -                      
                         n                        tePermissionProd                                
CREATE_COMPLETE          AWS::Lambda::Permissio   GetTodoFunctionCreateP   -                      
                         n                        ermissionProd                                   
CREATE_COMPLETE          AWS::Lambda::Permissio   CreateTodoFunctionCrea   -                      
                         n                        tePermissionProd                                
CREATE_COMPLETE          AWS::Lambda::Permissio   UpdateTodoFunctionCrea   -                      
                         n                        tePermissionProd                                
CREATE_COMPLETE          AWS::CloudFormation::S   todo-list-aws-staging    -                      
                         tack                                                                     
-------------------------------------------------------------------------------------------------

CloudFormation outputs from deployed stack
-------------------------------------------------------------------------------------------------
Outputs                                                                                         
-------------------------------------------------------------------------------------------------
Key                 BaseUrlApi                                                                  
Description         Base URL of API                                                             
Value               https://eq6o4l10zb.execute-api.us-east-1.amazonaws.com/Prod                 

Key                 DeleteTodoApi                                                               
Description         API Gateway endpoint URL for ${opt:stage} stage for Delete TODO             
Value               https://eq6o4l10zb.execute-api.us-east-1.amazonaws.com/Prod/todos/{id}      

Key                 ListTodosApi                                                                
Description         API Gateway endpoint URL for ${opt:stage} stage for List TODO               
Value               https://eq6o4l10zb.execute-api.us-east-1.amazonaws.com/Prod/todos           

Key                 UpdateTodoApi                                                               
Description         API Gateway endpoint URL for ${opt:stage} stage for Update TODO             
Value               https://eq6o4l10zb.execute-api.us-east-1.amazonaws.com/Prod/todos/{id}      

Key                 GetTodoApi                                                                  
Description         API Gateway endpoint URL for ${opt:stage} stage for Get TODO                
Value               https://eq6o4l10zb.execute-api.us-east-1.amazonaws.com/Prod/todos/{id}      

Key                 CreateTodoApi                                                               
Description         API Gateway endpoint URL for ${opt:stage} stage for Create TODO             
Value               https://eq6o4l10zb.execute-api.us-east-1.amazonaws.com/Prod/todos/          
-------------------------------------------------------------------------------------------------

Successfully created/updated stack - todo-list-aws-staging in us-east-1

[Pipeline] }
[Pipeline] // stage
[Pipeline] stage
[Pipeline] { (Integration Test after deploy)
[Pipeline] script
[Pipeline] {
[Pipeline] sh
+ aws cloudformation describe-stacks --stack-name todo-list-aws-staging --query Stacks[0].Outputs[?OutputKey==`BaseUrlApi`].OutputValue --region us-east-1 --output text
[Pipeline] echo
https://eq6o4l10zb.execute-api.us-east-1.amazonaws.com/Prod

[Pipeline] echo
Initiating Integration Tests
[Pipeline] sh
+ bash pipelines/common-steps/integration.sh https://eq6o4l10zb.execute-api.us-east-1.amazonaws.com/Prod
+ export BASE_URL=https://eq6o4l10zb.execute-api.us-east-1.amazonaws.com/Prod
+ BASE_URL=https://eq6o4l10zb.execute-api.us-east-1.amazonaws.com/Prod
+ pytest -s test/integration/todoApiTest.py
============================= test session starts ==============================
platform linux -- Python 3.7.5, pytest-6.2.5, py-1.11.0, pluggy-1.0.0
rootdir: /var/lib/jenkins/workspace/ipeline_deploy_parameter_develop, configfile: pytest.ini
collected 5 items

test/integration/todoApiTest.py ---------------------------------------
Starting - integration test Add TODO
Response Add Todo: {"id": "7f6d8b52-75b3-11ec-bad8-da95e3cb8b5a", "text": "Integration text example", "checked": false, "createdAt": "1642217433.7728689", "updatedAt": "1642217433.7728689"}
ID todo:7f6d8b52-75b3-11ec-bad8-da95e3cb8b5a
End - integration test Add TODO
.---------------------------------------
Starting - integration test Delete TODO
Response Add todo: {"id": "80fab17a-75b3-11ec-bad8-da95e3cb8b5a", "text": "Integration text example - Initial", "checked": false, "createdAt": "1642217436.5149946", "updatedAt": "1642217436.5149946"}
ID todo:80fab17a-75b3-11ec-bad8-da95e3cb8b5a
Response Delete Todo:<Response [200]>
Response Get Todo https://eq6o4l10zb.execute-api.us-east-1.amazonaws.com/Prod/todos/80fab17a-75b3-11ec-bad8-da95e3cb8b5a: <Response [404]>
End - integration test Delete TODO
.---------------------------------------
Starting - integration test Get TODO
Response Add Todo: {'statusCode': 200, 'body': '{"id": "82d03ab0-75b3-11ec-bad8-da95e3cb8b5a", "text": "Integration text example - GET", "checked": false, "createdAt": "1642217439.5921283", "updatedAt": "1642217439.5921283"}'}
ID todo:82d03ab0-75b3-11ec-bad8-da95e3cb8b5a
Response Get Todo: {'checked': False, 'createdAt': '1642217439.5921283', 'text': 'Integration text example - GET', 'id': '82d03ab0-75b3-11ec-bad8-da95e3cb8b5a', 'updatedAt': '1642217439.5921283'}
End - integration test Get TODO
.---------------------------------------
Starting - integration test List TODO
Response Add Todo: {'statusCode': 200, 'body': '{"id": "8371eb94-75b3-11ec-bad8-da95e3cb8b5a", "text": "Integration text example", "checked": false, "createdAt": "1642217440.633842", "updatedAt": "1642217440.633842"}'}
ID todo:8371eb94-75b3-11ec-bad8-da95e3cb8b5a
Response List Todo:[{'checked': False, 'createdAt': '1642217440.633842', 'text': 'Integration text example', 'id': '8371eb94-75b3-11ec-bad8-da95e3cb8b5a', 'updatedAt': '1642217440.633842'}]
End - integration test List TODO
.---------------------------------------
Starting - integration test Update TODO
Response Add todo: {"id": "84efea0c-75b3-11ec-bad8-da95e3cb8b5a", "text": "Integration text example - Initial", "checked": false, "createdAt": "1642217443.1552615", "updatedAt": "1642217443.1552615"}
ID todo:84efea0c-75b3-11ec-bad8-da95e3cb8b5a
Response Update todo: {'checked': 'true', 'createdAt': '1642217443.1552615', 'text': 'Integration text example - Modified', 'id': '84efea0c-75b3-11ec-bad8-da95e3cb8b5a', 'updatedAt': 1642217445364}
Response Get Todo: {'checked': 'true', 'createdAt': '1642217443.1552615', 'text': 'Integration text example - Modified', 'id': '84efea0c-75b3-11ec-bad8-da95e3cb8b5a', 'updatedAt': 1642217445364}
End - integration test Update TODO
.

============================== 5 passed in 14.40s ==============================
[Pipeline] }
[Pipeline] // script
[Pipeline] }
[Pipeline] // stage
[Pipeline] stage
[Pipeline] { (Declarative: Post Actions)
[Pipeline] echo
Clean env: delete dir
[Pipeline] cleanWs
[WS-CLEANUP] Deleting project workspace...
[WS-CLEANUP] Deferred wipeout is used...
[WS-CLEANUP] done
[Pipeline] }
[Pipeline] // stage
[Pipeline] }
[Pipeline] // withEnv
[Pipeline] }
[Pipeline] // node
[Pipeline] End of Pipeline

GitHub has been notified of this commit’s build result

Finished: SUCCESS